C:\Users\Rachit\source\repos\Github-MVC-Projects\MVCAngularProject\UI\client\dist\out-tsc\e2e\src\app.po.js
C:\Users\Rachit\source\repos\Github-MVC-Projects\MVCAngularProject\UI\client\dist\out-tsc\e2e\src\app.po.js.map
C:\Users\Rachit\source\repos\Github-MVC-Projects\MVCAngularProject\UI\client\dist\out-tsc\e2e\src\app.e2e-spec.js
C:\Users\Rachit\source\repos\Github-MVC-Projects\MVCAngularProject\UI\client\dist\out-tsc\e2e\src\app.e2e-spec.js.map
C:\Users\Rachit\source\repos\Github-MVC-Projects\MVCAngularProject\UI\client\dist\out-tsc\src\app\store\store.component.js
C:\Users\Rachit\source\repos\Github-MVC-Projects\MVCAngularProject\UI\client\dist\out-tsc\src\app\store\store.component.js.map
C:\Users\Rachit\source\repos\Github-MVC-Projects\MVCAngularProject\UI\client\dist\out-tsc\src\app\cart\cart.component.js
C:\Users\Rachit\source\repos\Github-MVC-Projects\MVCAngularProject\UI\client\dist\out-tsc\src\app\cart\cart.component.js.map
C:\Users\Rachit\source\repos\Github-MVC-Projects\MVCAngularProject\UI\client\dist\out-tsc\src\app\app-routing.module.js
C:\Users\Rachit\source\repos\Github-MVC-Projects\MVCAngularProject\UI\client\dist\out-tsc\src\app\app-routing.module.js.map
C:\Users\Rachit\source\repos\Github-MVC-Projects\MVCAngularProject\UI\client\dist\out-tsc\src\app\app.component.js
C:\Users\Rachit\source\repos\Github-MVC-Projects\MVCAngularProject\UI\client\dist\out-tsc\src\app\app.component.js.map
C:\Users\Rachit\source\repos\Github-MVC-Projects\MVCAngularProject\UI\client\dist\out-tsc\src\app\app.module.js
C:\Users\Rachit\source\repos\Github-MVC-Projects\MVCAngularProject\UI\client\dist\out-tsc\src\app\app.module.js.map
C:\Users\Rachit\source\repos\Github-MVC-Projects\MVCAngularProject\UI\client\dist\out-tsc\src\environments\environment.js
C:\Users\Rachit\source\repos\Github-MVC-Projects\MVCAngularProject\UI\client\dist\out-tsc\src\environments\environment.js.map
C:\Users\Rachit\source\repos\Github-MVC-Projects\MVCAngularProject\UI\client\dist\out-tsc\src\main.js
C:\Users\Rachit\source\repos\Github-MVC-Projects\MVCAngularProject\UI\client\dist\out-tsc\src\main.js.map
C:\Users\Rachit\source\repos\Github-MVC-Projects\MVCAngularProject\UI\client\dist\out-tsc\src\polyfills.js
C:\Users\Rachit\source\repos\Github-MVC-Projects\MVCAngularProject\UI\client\dist\out-tsc\src\polyfills.js.map
C:\Users\Rachit\source\repos\Github-MVC-Projects\MVCAngularProject\UI\client\dist\out-tsc\src\test.js
C:\Users\Rachit\source\repos\Github-MVC-Projects\MVCAngularProject\UI\client\dist\out-tsc\src\test.js.map
C:\Users\Rachit\source\repos\Github-MVC-Projects\MVCAngularProject\UI\client\dist\out-tsc\src\app\app.component.spec.js
C:\Users\Rachit\source\repos\Github-MVC-Projects\MVCAngularProject\UI\client\dist\out-tsc\src\app\app.component.spec.js.map
C:\Users\Rachit\source\repos\Github-MVC-Projects\MVCAngularProject\UI\client\dist\out-tsc\src\app\cart\cart.component.spec.js
C:\Users\Rachit\source\repos\Github-MVC-Projects\MVCAngularProject\UI\client\dist\out-tsc\src\app\cart\cart.component.spec.js.map
C:\Users\Rachit\source\repos\Github-MVC-Projects\MVCAngularProject\UI\client\dist\out-tsc\src\app\store\store.component.spec.js
C:\Users\Rachit\source\repos\Github-MVC-Projects\MVCAngularProject\UI\client\dist\out-tsc\src\app\store\store.component.spec.js.map
C:\Users\Rachit\source\repos\Github-MVC-Projects\MVCAngularProject\UI\client\dist\out-tsc\src\environments\environment.prod.js
C:\Users\Rachit\source\repos\Github-MVC-Projects\MVCAngularProject\UI\client\dist\out-tsc\src\environments\environment.prod.js.map
